                     Sale & Layway Report

Total Sale records     Total Sale amount    Sale Percentage:
        83                    $20,678.91    82.18%

Total Layaway records  Total Layway amount  Layaway Percentage:
        18                     $3,279.84    17.82%

Total Sale and Layway record: 101   Total Sale and Layway amount: $23,958.75

Total Transaction Stores
Store-01:  $3,589.85
Store-02:  $4,019.79
Store-03:  $2,129.88
Store-07: $14,219.23
                     Returns Report

Total returns records     Total returns amount
        15                       $604.88

Total Return Stores
Store-01:    $169.96
Store-02:    $244.96
Store-03:      $0.00
Store-07:    $189.96

Grand Total Amount: $23,353.87
