                              R PROCESSING REPORT

 TRANSACTION  TRANSACTION  PAYMENT  STORE   INVOICE          SKU               TAX    CODE        AMOUNT     TYPE     NUMBER  NUMBER           CODE             OWING
 -----------  -----------  -------  ------  -------          ----             -----
     R             $24.99    CR        1    AS-000102    FLW8H4FW8H4FWF4      $3.25
     R             $24.99    CR        1    BS-000102    FLW8H4FW8H4FWF4      $3.25
     R             $29.99    DB        1    BS-000107    WI8HRW8H43FJSHF      $3.90
     R             $89.99    CR        1    BS-000110    WI8HRW8H43FJSHF     $11.70
     R             $20.00    CA        2    BX-000015    SDFSKJ84MS09123      $2.60
     R             $24.99    CR        2    AS-000102    FLW8H4FW8H4FWF4      $3.25
     R             $29.99    CA        2    XX-000035    SDFSKJ84MS09123      $3.90
     R             $20.00    CA        2    XX-000215    SDFSKJ84MS09123      $2.60
     R             $24.99    CR        2    AS-000202    FLW8H4FW8H4FWF4      $3.25
     R            $124.99    CR        2    AS-000322    F4WO8JFO8W4JFW8     $16.25
     R             $89.99    CR        7    BS-000510    WI8HRW8H43FJSHF     $11.70
     R             $20.00    CA        7    BX-000515    SDFSKJ84MS09123      $2.60
     R             $24.99    CR        7    AS-000502    FLW8H4FW8H4FWF4      $3.25
     R             $29.99    CA        7    XX-000635    SDFSKJ84MS09123      $3.90
     R             $24.99    CR        7    AS-000602    FLW8H4FW8H4FWF4      $3.25


 TOTAL NUMBER OF 'R' RECORDS:  14          TOTAL AMOUNT OF 'R' RECORDS:     $604.88

 TOTAL TAX OWING:   $78.65